Vivado Simulator 2017.4
Copyright 1986-1999, 2001-2016 Xilinx, Inc. All Rights Reserved.
Running: D:/xilinx/Vivado/2017.4/bin/unwrapped/win64.o/xelab.exe -wto 2ae58fb8d6a64d889e6007831345be57 --incr --debug typical --relax --mt 2 -L xil_defaultlib -L unisims_ver -L unimacro_ver -L secureip --snapshot solve_behav xil_defaultlib.solve xil_defaultlib.glbl -log elaborate.log 
Using 2 slave threads.
Starting static elaboration
Completed static elaboration
Starting simulation data flow analysis
Completed simulation data flow analysis
Time Resolution for simulation is 1ps
Compiling module xil_defaultlib.getclk
Compiling module xil_defaultlib.PC
Compiling module xil_defaultlib.InstructionMemory
Compiling module xil_defaultlib.control
Compiling module xil_defaultlib.SignExtend
Compiling module xil_defaultlib.RegFile
Compiling module xil_defaultlib.ALU
Compiling module xil_defaultlib.DataMemory
Compiling module xil_defaultlib.MUX5
Compiling module xil_defaultlib.MUX532
Compiling module xil_defaultlib.MUX32
Compiling module xil_defaultlib.GetAddress
Compiling module xil_defaultlib.Single_CPU
Compiling module xil_defaultlib.getdata
Compiling module xil_defaultlib.SegLED
Compiling module xil_defaultlib.display
Compiling module xil_defaultlib.solve
Compiling module xil_defaultlib.glbl
Built simulation snapshot solve_behav
